<?xml version="1.0" encoding="UTF-8"?>
<testng-results ignored="4" total="19" passed="15" failed="0" skipped="0">
  <reporter-output>
  </reporter-output>
  <suite started-at="2023-02-03T17:51:33 IST" name="Suite" finished-at="2023-02-03T17:51:42 IST" duration-ms="9156">
    <groups>
    </groups>
    <test started-at="2023-02-03T17:51:33 IST" name="Test1" finished-at="2023-02-03T17:51:39 IST" duration-ms="6301">
      <class name="com.demo.RestAPITest.tests.TC001_ListAllUsers">
        <test-method signature="listAllUsers()[pri:1, instance:com.demo.RestAPITest.tests.TC001_ListAllUsers@2d29b4ee]" started-at="2023-02-03T17:51:33 IST" name="listAllUsers" finished-at="2023-02-03T17:51:34 IST" duration-ms="1352" status="PASS">
          <reporter-output>
          </reporter-output>
        </test-method> <!-- listAllUsers -->
      </class> <!-- com.demo.RestAPITest.tests.TC001_ListAllUsers -->
      <class name="com.demo.RestAPITest.tests.TC002_CreateUser">
        <test-method signature="inValidData(java.lang.String,java.lang.String,java.lang.String,java.lang.String,java.lang.String)[pri:0, instance:com.demo.RestAPITest.tests.TC002_CreateUser@9816741]" started-at="2023-02-03T17:51:35 IST" name="inValidData" data-provider="inputData" finished-at="2023-02-03T17:51:36 IST" duration-ms="547" status="PASS">
          <params>
            <param index="0">
              <value>
                <![CDATA[1]]>
              </value>
            </param>
            <param index="1">
              <value>
                <![CDATA[Saran]]>
              </value>
            </param>
            <param index="2">
              <value>
                <![CDATA[saran.qa9@gmail.com]]>
              </value>
            </param>
            <param index="3">
              <value>
                <![CDATA[male]]>
              </value>
            </param>
            <param index="4">
              <value>
                <![CDATA[active]]>
              </value>
            </param>
          </params>
          <reporter-output>
          </reporter-output>
        </test-method> <!-- inValidData -->
        <test-method signature="inValidData(java.lang.String,java.lang.String,java.lang.String,java.lang.String,java.lang.String)[pri:0, instance:com.demo.RestAPITest.tests.TC002_CreateUser@9816741]" started-at="2023-02-03T17:51:36 IST" name="inValidData" data-provider="inputData" finished-at="2023-02-03T17:51:36 IST" duration-ms="507" status="PASS">
          <params>
            <param index="0">
              <value>
                <![CDATA[2]]>
              </value>
            </param>
            <param index="1">
              <value>
                <![CDATA[Abi]]>
              </value>
            </param>
            <param index="2">
              <value>
                <![CDATA[abi9@outlook.com]]>
              </value>
            </param>
            <param index="3">
              <value>
                <![CDATA[male]]>
              </value>
            </param>
            <param index="4">
              <value>
                <![CDATA[inactive]]>
              </value>
            </param>
          </params>
          <reporter-output>
          </reporter-output>
        </test-method> <!-- inValidData -->
        <test-method signature="inValidData(java.lang.String,java.lang.String,java.lang.String,java.lang.String,java.lang.String)[pri:0, instance:com.demo.RestAPITest.tests.TC002_CreateUser@9816741]" started-at="2023-02-03T17:51:36 IST" name="inValidData" data-provider="inputData" finished-at="2023-02-03T17:51:37 IST" duration-ms="542" status="PASS">
          <params>
            <param index="0">
              <value>
                <![CDATA[3]]>
              </value>
            </param>
            <param index="1">
              <value>
                <![CDATA[John]]>
              </value>
            </param>
            <param index="2">
              <value>
                <![CDATA[john9@microsoft.com]]>
              </value>
            </param>
            <param index="3">
              <value>
                <![CDATA[male]]>
              </value>
            </param>
            <param index="4">
              <value>
                <![CDATA[active]]>
              </value>
            </param>
          </params>
          <reporter-output>
          </reporter-output>
        </test-method> <!-- inValidData -->
        <test-method signature="inValidData(java.lang.String,java.lang.String,java.lang.String,java.lang.String,java.lang.String)[pri:0, instance:com.demo.RestAPITest.tests.TC002_CreateUser@9816741]" started-at="2023-02-03T17:51:37 IST" name="inValidData" data-provider="inputData" finished-at="2023-02-03T17:51:37 IST" duration-ms="477" status="PASS">
          <params>
            <param index="0">
              <value>
                <![CDATA[4]]>
              </value>
            </param>
            <param index="1">
              <value>
                <![CDATA[Wilson]]>
              </value>
            </param>
            <param index="2">
              <value>
                <![CDATA[wilson9@gmail.com]]>
              </value>
            </param>
            <param index="3">
              <value>
                <![CDATA[male]]>
              </value>
            </param>
            <param index="4">
              <value>
                <![CDATA[inactive]]>
              </value>
            </param>
          </params>
          <reporter-output>
          </reporter-output>
        </test-method> <!-- inValidData -->
        <test-method signature="inValidData(java.lang.String,java.lang.String,java.lang.String,java.lang.String,java.lang.String)[pri:0, instance:com.demo.RestAPITest.tests.TC002_CreateUser@9816741]" started-at="2023-02-03T17:51:37 IST" name="inValidData" data-provider="inputData" finished-at="2023-02-03T17:51:38 IST" duration-ms="373" status="PASS">
          <params>
            <param index="0">
              <value>
                <![CDATA[5]]>
              </value>
            </param>
            <param index="1">
              <value>
                <![CDATA[Muthu]]>
              </value>
            </param>
            <param index="2">
              <value>
                <![CDATA[muth9@aol.com]]>
              </value>
            </param>
            <param index="3">
              <value>
                <![CDATA[male]]>
              </value>
            </param>
            <param index="4">
              <value>
                <![CDATA[active]]>
              </value>
            </param>
          </params>
          <reporter-output>
          </reporter-output>
        </test-method> <!-- inValidData -->
        <test-method signature="inValidData(java.lang.String,java.lang.String,java.lang.String,java.lang.String,java.lang.String)[pri:0, instance:com.demo.RestAPITest.tests.TC002_CreateUser@9816741]" started-at="2023-02-03T17:51:38 IST" name="inValidData" data-provider="inputData" finished-at="2023-02-03T17:51:38 IST" duration-ms="386" status="PASS">
          <params>
            <param index="0">
              <value>
                <![CDATA[6]]>
              </value>
            </param>
            <param index="1">
              <value>
                <![CDATA[Nishanth]]>
              </value>
            </param>
            <param index="2">
              <value>
                <![CDATA[nishanth9@outlook.com]]>
              </value>
            </param>
            <param index="3">
              <value>
                <![CDATA[male]]>
              </value>
            </param>
            <param index="4">
              <value>
                <![CDATA[active]]>
              </value>
            </param>
          </params>
          <reporter-output>
          </reporter-output>
        </test-method> <!-- inValidData -->
        <test-method signature="validData(java.lang.String,java.lang.String,java.lang.String,java.lang.String,java.lang.String)[pri:0, instance:com.demo.RestAPITest.tests.TC002_CreateUser@9816741]" started-at="2023-02-03T17:51:38 IST" name="validData" data-provider="inputData" finished-at="2023-02-03T17:51:39 IST" duration-ms="1026" status="PASS">
          <params>
            <param index="0">
              <value>
                <![CDATA[1]]>
              </value>
            </param>
            <param index="1">
              <value>
                <![CDATA[Saran]]>
              </value>
            </param>
            <param index="2">
              <value>
                <![CDATA[saran.qa8@gmail.com]]>
              </value>
            </param>
            <param index="3">
              <value>
                <![CDATA[male]]>
              </value>
            </param>
            <param index="4">
              <value>
                <![CDATA[active]]>
              </value>
            </param>
          </params>
          <reporter-output>
          </reporter-output>
        </test-method> <!-- validData -->
      </class> <!-- com.demo.RestAPITest.tests.TC002_CreateUser -->
    </test> <!-- Test1 -->
    <test started-at="2023-02-03T17:51:40 IST" name="Test2" finished-at="2023-02-03T17:51:40 IST" duration-ms="716">
      <class name="com.demo.RestAPITest.tests.TC001_ListAllUsers">
        <test-method signature="listAllUsers()[pri:1, instance:com.demo.RestAPITest.tests.TC001_ListAllUsers@5f9edf14]" started-at="2023-02-03T17:51:40 IST" name="listAllUsers" finished-at="2023-02-03T17:51:40 IST" duration-ms="312" status="PASS">
          <reporter-output>
          </reporter-output>
        </test-method> <!-- listAllUsers -->
      </class> <!-- com.demo.RestAPITest.tests.TC001_ListAllUsers -->
      <class name="com.demo.RestAPITest.tests.TC003_UpdateUser_PUT">
        <test-method signature="updateUser()[pri:0, instance:com.demo.RestAPITest.tests.TC003_UpdateUser_PUT@68746f22]" started-at="2023-02-03T17:51:40 IST" name="updateUser" finished-at="2023-02-03T17:51:40 IST" duration-ms="390" status="PASS">
          <reporter-output>
          </reporter-output>
        </test-method> <!-- updateUser -->
      </class> <!-- com.demo.RestAPITest.tests.TC003_UpdateUser_PUT -->
    </test> <!-- Test2 -->
    <test started-at="2023-02-03T17:51:40 IST" name="Test3" finished-at="2023-02-03T17:51:41 IST" duration-ms="724">
      <class name="com.demo.RestAPITest.tests.TC001_ListAllUsers">
        <test-method signature="listAllUsers()[pri:1, instance:com.demo.RestAPITest.tests.TC001_ListAllUsers@a8ef162]" started-at="2023-02-03T17:51:40 IST" name="listAllUsers" finished-at="2023-02-03T17:51:41 IST" duration-ms="394" status="PASS">
          <reporter-output>
          </reporter-output>
        </test-method> <!-- listAllUsers -->
      </class> <!-- com.demo.RestAPITest.tests.TC001_ListAllUsers -->
      <class name="com.demo.RestAPITest.tests.TC004_UpdateUser_PATCH">
        <test-method signature="updateUser()[pri:0, instance:com.demo.RestAPITest.tests.TC004_UpdateUser_PATCH@2eea88a1]" started-at="2023-02-03T17:51:41 IST" name="updateUser" finished-at="2023-02-03T17:51:41 IST" duration-ms="323" status="PASS">
          <reporter-output>
          </reporter-output>
        </test-method> <!-- updateUser -->
      </class> <!-- com.demo.RestAPITest.tests.TC004_UpdateUser_PATCH -->
    </test> <!-- Test3 -->
    <test started-at="2023-02-03T17:51:41 IST" name="Test4" finished-at="2023-02-03T17:51:42 IST" duration-ms="767">
      <class name="com.demo.RestAPITest.tests.TC001_ListAllUsers">
        <test-method signature="listAllUsers()[pri:1, instance:com.demo.RestAPITest.tests.TC001_ListAllUsers@2c78324b]" started-at="2023-02-03T17:51:41 IST" name="listAllUsers" finished-at="2023-02-03T17:51:42 IST" duration-ms="413" status="PASS">
          <reporter-output>
          </reporter-output>
        </test-method> <!-- listAllUsers -->
      </class> <!-- com.demo.RestAPITest.tests.TC001_ListAllUsers -->
      <class name="com.demo.RestAPITest.tests.TC005_DeleteUser">
        <test-method signature="deleteUser()[pri:0, instance:com.demo.RestAPITest.tests.TC005_DeleteUser@79defdc]" started-at="2023-02-03T17:51:42 IST" name="deleteUser" finished-at="2023-02-03T17:51:42 IST" duration-ms="339" status="PASS">
          <reporter-output>
          </reporter-output>
        </test-method> <!-- deleteUser -->
      </class> <!-- com.demo.RestAPITest.tests.TC005_DeleteUser -->
    </test> <!-- Test4 -->
    <test started-at="2023-02-03T17:51:42 IST" name="Test5" finished-at="2023-02-03T17:51:42 IST" duration-ms="274">
      <class name="com.demo.RestAPITest.tests.TC001_ListAllUsers">
        <test-method is-config="true" signature="initialization()[pri:0, instance:com.demo.RestAPITest.tests.TC001_ListAllUsers@5852c06f]" started-at="2023-02-03T17:51:32 IST" name="initialization" finished-at="2023-02-03T17:51:33 IST" duration-ms="648" status="PASS">
          <reporter-output>
          </reporter-output>
        </test-method> <!-- initialization -->
        <test-method signature="listAllUsers()[pri:1, instance:com.demo.RestAPITest.tests.TC001_ListAllUsers@5852c06f]" started-at="2023-02-03T17:51:42 IST" name="listAllUsers" finished-at="2023-02-03T17:51:42 IST" duration-ms="272" status="PASS">
          <reporter-output>
          </reporter-output>
        </test-method> <!-- listAllUsers -->
      </class> <!-- com.demo.RestAPITest.tests.TC001_ListAllUsers -->
    </test> <!-- Test5 -->
  </suite> <!-- Suite -->
</testng-results>
