<?xml version="1.0" encoding="UTF-8"?>
<!-- Generated by org.testng.reporters.JUnitXMLReporter -->
<testsuite ignored="1" hostname="Abi-PC" failures="0" tests="8" name="Test1" time="6.301" errors="0" timestamp="2023-02-03T17:51:40 IST">
  <testcase classname="com.demo.RestAPITest.tests.TC001_ListAllUsers" name="listAllUsers" time="1.352"/>
  <testcase classname="com.demo.RestAPITest.tests.TC002_CreateUser" name="inValidData" time="0.547"/>
  <testcase classname="com.demo.RestAPITest.tests.TC002_CreateUser" name="inValidData" time="0.507"/>
  <testcase classname="com.demo.RestAPITest.tests.TC002_CreateUser" name="inValidData" time="0.542"/>
  <testcase classname="com.demo.RestAPITest.tests.TC002_CreateUser" name="inValidData" time="0.477"/>
  <testcase classname="com.demo.RestAPITest.tests.TC002_CreateUser" name="inValidData" time="0.373"/>
  <testcase classname="com.demo.RestAPITest.tests.TC002_CreateUser" name="inValidData" time="0.386"/>
  <testcase classname="com.demo.RestAPITest.tests.TC002_CreateUser" name="validData" time="1.026"/>
  <testcase classname="com.demo.RestAPITest.common.CommonLibraryRestAPI" name="@BeforeSuite initialization" time="0.0">
    <ignored/>
  </testcase> <!-- @BeforeSuite initialization -->
</testsuite> <!-- Test1 -->
