<?xml version="1.0" encoding="UTF-8"?>
<!-- Generated by org.testng.reporters.JUnitXMLReporter -->
<testsuite ignored="1" hostname="Abi-PC" failures="0" tests="2" name="Test2" time="0.716" errors="0" timestamp="2023-02-03T17:51:40 IST">
  <testcase classname="com.demo.RestAPITest.tests.TC001_ListAllUsers" name="listAllUsers" time="0.312"/>
  <testcase classname="com.demo.RestAPITest.tests.TC003_UpdateUser_PUT" name="updateUser" time="0.39"/>
  <testcase classname="com.demo.RestAPITest.common.CommonLibraryRestAPI" name="@BeforeSuite initialization" time="0.0">
    <ignored/>
  </testcase> <!-- @BeforeSuite initialization -->
</testsuite> <!-- Test2 -->
